server {
	listen 80 default_server;
	listen [::]:80 default_server;

	root /var/www/data;

	index index.html index.php index.htm index.nginx-debian.html;

	server_name _;

	rewrite ^/app\.php/?(.*)$ /$1 permanent;

	location /phpmyadmin {
        root /usr/share/;
        index index.php index.html index.htm;
        location ~ ^/phpmyadmin/(.+\.php)$ {
            try_files $uri =404;
            root /usr/share/;

            fastcgi_pass unix:/var/run/php/php7.0-fpm.sock;
            fastcgi_index index.php;
            fastcgi_param SCRIPT_FILENAME $document_root$fastcgi_script_name;
            include /etc/nginx/fastcgi_params;
        }
        location ~* ^/phpmyadmin/(.+\.(jpg|jpeg|gif|css|png|js|ico|html|xml|txt))$ {
            root /usr/share/;
        }
    }

	location / {
		try_files $uri @rewriteapp;
	}

	location @rewriteapp {
		rewrite ^(.*)$ /app.php/$1 last;
	}

	location ~ ^/app\.php(/|$) {
		include snippets/fastcgi-php.conf;

		fastcgi_pass unix:/var/run/php/php7.0-fpm.sock;
	#	fastcgi_split_path_info ^(.+\.php)(/.*)$;
	#	include fastcgi_params;

	#	fastcgi_param SCRIPT_FILENAME $realpath_root$fastcgi_script_name;
	#	fastcgi_param DOCUMENT_ROOT $realpath;
	}

    location ~ \.(gif|jpg|jpeg|png|ico|css|js)$ {
        root /var/www/data/public;
    }
}
